<?xml version="1.0" encoding="UTF-8"?>
<!-- Generated by org.testng.reporters.JUnitReportReporter -->
<testsuite hostname="MacBook-Air-uzivatela-Miroslav.local" failures="0" tests="1" name="BaseTest" time="3.834" errors="0" timestamp="2024-06-27T11:01:02 CEST" skipped="0">
  <testcase classname="BaseTest" name="AppiumTest" time="3.834"/>
  <system-out/>
</testsuite> <!-- BaseTest -->
