<?xml version="1.0" encoding="UTF-8"?>
<!-- Generated by org.testng.reporters.JUnitReportReporter -->
<testsuite hostname="MacBook-Air-uzivatela-Miroslav.local" failures="0" tests="1" name="test.ShoppingTest" time="21.696" errors="0" timestamp="2024-06-30T17:23:21 CEST" skipped="0">
  <testcase classname="test.ShoppingTest" name="addProductsToCardHappy" time="21.696"/>
</testsuite> <!-- test.ShoppingTest -->
