<?xml version="1.0" encoding="UTF-8"?>
<!-- Generated by org.testng.reporters.JUnitReportReporter -->
<testsuite hostname="MacBook-Air-uzivatela-Miroslav.local" failures="0" tests="1" name="ShoppingTest" time="21.097" errors="0" timestamp="2024-06-30T15:56:56 CEST" skipped="0">
  <testcase classname="ShoppingTest" name="addProductsToCardHappy" time="21.097"/>
</testsuite> <!-- ShoppingTest -->
